passport-emulator-fake/Application/build/outputs/logs/manifest-merger-debug-report.txt
-- Merging decision tree log ---
manifest
ADDED from src/main/AndroidManifest.xml:2:1-67:12
INJECTED from src/main/AndroidManifest.xml:2:1-67:12
INJECTED from src/main/AndroidManifest.xml:2:1-67:12
MERGED from [com.android.support:support-v13:27.0.2] AndroidManifest.xml:17:1-22:12
MERGED from [com.android.support:support-v4:27.0.2] AndroidManifest.xml:17:1-22:12
MERGED from [com.android.support:cardview-v7:27.0.2] AndroidManifest.xml:17:1-22:12
MERGED from [com.android.support:appcompat-v7:27.0.2] AndroidManifest.xml:17:1-22:12
MERGED from [com.android.support.constraint:constraint-layout:1.1.3] AndroidManifest.xml:2:1-11:12
MERGED from [com.android.support:support-media-compat:27.0.2] AndroidManifest.xml:17:1-22:12
MERGED from [com.android.support:support-fragment:27.0.2] AndroidManifest.xml:17:1-22:12
MERGED from [com.android.support:support-core-utils:27.0.2] AndroidManifest.xml:17:1-22:12
MERGED from [com.android.support:animated-vector-drawable:27.0.2] AndroidManifest.xml:17:1-22:12
MERGED from [com.android.support:support-core-ui:27.0.2] AndroidManifest.xml:17:1-22:12
MERGED from [com.android.support:support-vector-drawable:27.0.2] AndroidManifest.xml:17:1-22:12
MERGED from [com.android.support:support-compat:27.0.2] AndroidManifest.xml:17:1-22:12
MERGED from [android.arch.lifecycle:runtime:1.0.3] AndroidManifest.xml:17:1-24:12
INJECTED from src/main/AndroidManifest.xml:2:1-67:12
INJECTED from src/main/AndroidManifest.xml:2:1-67:12
	package
		ADDED from src/main/AndroidManifest.xml:3:5-48
	android:versionName
		ADDED from src/main/AndroidManifest.xml:5:5-30
		INJECTED from src/main/AndroidManifest.xml
		INJECTED from src/main/AndroidManifest.xml
	xmlns:android
		ADDED from src/main/AndroidManifest.xml:2:11-69
	android:versionCode
		ADDED from src/main/AndroidManifest.xml:4:5-28
		INJECTED from src/main/AndroidManifest.xml
		INJECTED from src/main/AndroidManifest.xml
uses-permission#android.permission.ACCESS_COARSE_LOCATION
ADDED from src/main/AndroidManifest.xml:7:5-9:35
	android:required
		ADDED from src/main/AndroidManifest.xml:9:9-32
	android:name
		ADDED from src/main/AndroidManifest.xml:8:9-65
uses-permission#android.permission.ACCESS_WIFI_STATE
ADDED from src/main/AndroidManifest.xml:10:5-12:35
	android:required
		ADDED from src/main/AndroidManifest.xml:12:9-32
	android:name
		ADDED from src/main/AndroidManifest.xml:11:9-60
uses-permission#android.permission.CHANGE_WIFI_STATE
ADDED from src/main/AndroidManifest.xml:13:5-15:35
	android:required
		ADDED from src/main/AndroidManifest.xml:15:9-32
	android:name
		ADDED from src/main/AndroidManifest.xml:14:9-60
uses-permission#android.permission.INTERNET
ADDED from src/main/AndroidManifest.xml:16:5-18:35
	android:required
		ADDED from src/main/AndroidManifest.xml:18:9-32
	android:name
		ADDED from src/main/AndroidManifest.xml:17:9-51
uses-feature#android.hardware.nfc.hce
ADDED from src/main/AndroidManifest.xml:22:5-24:35
	android:required
		ADDED from src/main/AndroidManifest.xml:24:9-32
	android:name
		ADDED from src/main/AndroidManifest.xml:23:9-48
uses-permission#android.permission.NFC
ADDED from src/main/AndroidManifest.xml:26:5-62
	android:name
		ADDED from src/main/AndroidManifest.xml:26:22-59
application
ADDED from src/main/AndroidManifest.xml:28:5-65:19
MERGED from [com.android.support.constraint:constraint-layout:1.1.3] AndroidManifest.xml:9:5-20
MERGED from [com.android.support.constraint:constraint-layout:1.1.3] AndroidManifest.xml:9:5-20
	android:label
		ADDED from src/main/AndroidManifest.xml:31:9-41
	android:icon
		ADDED from src/main/AndroidManifest.xml:30:9-45
	android:allowBackup
		ADDED from src/main/AndroidManifest.xml:29:9-35
	android:theme
		ADDED from src/main/AndroidManifest.xml:32:9-40
activity#com.example.android.cardemulation.WifiConnectionActivity
ADDED from src/main/AndroidManifest.xml:35:9-42:20
	android:label
		ADDED from src/main/AndroidManifest.xml:37:13-45
	android:name
		ADDED from src/main/AndroidManifest.xml:36:13-51
intent-filter#action:name:android.intent.action.MAIN+category:name:android.intent.category.LAUNCHER
ADDED from src/main/AndroidManifest.xml:38:13-41:29
action#android.intent.action.MAIN
ADDED from src/main/AndroidManifest.xml:39:17-69
	android:name
		ADDED from src/main/AndroidManifest.xml:39:25-66
category#android.intent.category.LAUNCHER
ADDED from src/main/AndroidManifest.xml:40:17-77
	android:name
		ADDED from src/main/AndroidManifest.xml:40:27-74
service#com.example.android.cardemulation.CardService
ADDED from src/main/AndroidManifest.xml:46:9-64:19
	android:exported
		ADDED from src/main/AndroidManifest.xml:48:13-36
	android:permission
		ADDED from src/main/AndroidManifest.xml:49:13-69
	android:name
		ADDED from src/main/AndroidManifest.xml:47:13-40
intent-filter#action:name:android.nfc.cardemulation.action.HOST_APDU_SERVICE+category:name:android.intent.category.DEFAULT
ADDED from src/main/AndroidManifest.xml:52:13-56:29
action#android.nfc.cardemulation.action.HOST_APDU_SERVICE
ADDED from src/main/AndroidManifest.xml:53:17-93
	android:name
		ADDED from src/main/AndroidManifest.xml:53:25-90
category#android.intent.category.DEFAULT
ADDED from src/main/AndroidManifest.xml:55:17-76
	android:name
		ADDED from src/main/AndroidManifest.xml:55:27-73
meta-data#android.nfc.cardemulation.host_apdu_service
ADDED from src/main/AndroidManifest.xml:61:13-63:52
	android:resource
		ADDED from src/main/AndroidManifest.xml:63:17-49
	android:name
		ADDED from src/main/AndroidManifest.xml:62:17-75
uses-sdk
INJECTED from src/main/AndroidManifest.xml reason: use-sdk injection requested
INJECTED from src/main/AndroidManifest.xml
INJECTED from src/main/AndroidManifest.xml
MERGED from [com.android.support:support-v13:27.0.2] AndroidManifest.xml:20:5-44
MERGED from [com.android.support:support-v13:27.0.2] AndroidManifest.xml:20:5-44
MERGED from [com.android.support:support-v4:27.0.2] AndroidManifest.xml:20:5-44
MERGED from [com.android.support:support-v4:27.0.2] AndroidManifest.xml:20:5-44
MERGED from [com.android.support:cardview-v7:27.0.2] AndroidManifest.xml:20:5-44
MERGED from [com.android.support:cardview-v7:27.0.2] AndroidManifest.xml:20:5-44
MERGED from [com.android.support:appcompat-v7:27.0.2] AndroidManifest.xml:20:5-44
MERGED from [com.android.support:appcompat-v7:27.0.2] AndroidManifest.xml:20:5-44
MERGED from [com.android.support.constraint:constraint-layout:1.1.3] AndroidManifest.xml:5:5-7:41
MERGED from [com.android.support.constraint:constraint-layout:1.1.3] AndroidManifest.xml:5:5-7:41
MERGED from [com.android.support:support-media-compat:27.0.2] AndroidManifest.xml:20:5-44
MERGED from [com.android.support:support-media-compat:27.0.2] AndroidManifest.xml:20:5-44
MERGED from [com.android.support:support-fragment:27.0.2] AndroidManifest.xml:20:5-44
MERGED from [com.android.support:support-fragment:27.0.2] AndroidManifest.xml:20:5-44
MERGED from [com.android.support:support-core-utils:27.0.2] AndroidManifest.xml:20:5-44
MERGED from [com.android.support:support-core-utils:27.0.2] AndroidManifest.xml:20:5-44
MERGED from [com.android.support:animated-vector-drawable:27.0.2] AndroidManifest.xml:20:5-44
MERGED from [com.android.support:animated-vector-drawable:27.0.2] AndroidManifest.xml:20:5-44
MERGED from [com.android.support:support-core-ui:27.0.2] AndroidManifest.xml:20:5-44
MERGED from [com.android.support:support-core-ui:27.0.2] AndroidManifest.xml:20:5-44
MERGED from [com.android.support:support-vector-drawable:27.0.2] AndroidManifest.xml:20:5-44
MERGED from [com.android.support:support-vector-drawable:27.0.2] AndroidManifest.xml:20:5-44
MERGED from [com.android.support:support-compat:27.0.2] AndroidManifest.xml:20:5-44
MERGED from [com.android.support:support-compat:27.0.2] AndroidManifest.xml:20:5-44
MERGED from [android.arch.lifecycle:runtime:1.0.3] AndroidManifest.xml:20:5-22:41
MERGED from [android.arch.lifecycle:runtime:1.0.3] AndroidManifest.xml:20:5-22:41
INJECTED from src/main/AndroidManifest.xml
INJECTED from src/main/AndroidManifest.xml
	android:targetSdkVersion
		INJECTED from src/main/AndroidManifest.xml
		ADDED from src/main/AndroidManifest.xml
		INJECTED from src/main/AndroidManifest.xml
	android:minSdkVersion
		INJECTED from src/main/AndroidManifest.xml
		ADDED from src/main/AndroidManifest.xml
		INJECTED from src/main/AndroidManifest.xml